<?xml version="1.0" encoding="UTF-8"?>
<testsuite xmlns:xsi="http://www.w3.org/2001/XMLSchema-instance" xsi:noNamespaceSchemaLocation="https://maven.apache.org/surefire/maven-surefire-plugin/xsd/surefire-test-report.xsd" name="tests.TestRunner" time="3.634" tests="5" errors="2" skipped="0" failures="2">
  <properties>
    <property name="java.specification.version" value="20"/>
    <property name="sun.cpu.isalist" value="amd64"/>
    <property name="sun.jnu.encoding" value="Cp1252"/>
    <property name="java.class.path" value="C:\Users\TEST\IdeaProjects\api_testing\target\test-classes;C:\Users\TEST\IdeaProjects\api_testing\target\classes;C:\Users\TEST\.m2\repository\junit\junit\4.11\junit-4.11.jar;C:\Users\TEST\.m2\repository\org\hamcrest\hamcrest-core\1.3\hamcrest-core-1.3.jar;C:\Users\TEST\.m2\repository\io\rest-assured\rest-assured\5.3.0\rest-assured-5.3.0.jar;C:\Users\TEST\.m2\repository\org\apache\groovy\groovy\4.0.6\groovy-4.0.6.jar;C:\Users\TEST\.m2\repository\org\apache\groovy\groovy-xml\4.0.6\groovy-xml-4.0.6.jar;C:\Users\TEST\.m2\repository\org\apache\httpcomponents\httpclient\4.5.13\httpclient-4.5.13.jar;C:\Users\TEST\.m2\repository\org\apache\httpcomponents\httpcore\4.4.13\httpcore-4.4.13.jar;C:\Users\TEST\.m2\repository\commons-logging\commons-logging\1.2\commons-logging-1.2.jar;C:\Users\TEST\.m2\repository\commons-codec\commons-codec\1.11\commons-codec-1.11.jar;C:\Users\TEST\.m2\repository\org\apache\httpcomponents\httpmime\4.5.13\httpmime-4.5.13.jar;C:\Users\TEST\.m2\repository\org\hamcrest\hamcrest\2.1\hamcrest-2.1.jar;C:\Users\TEST\.m2\repository\org\ccil\cowan\tagsoup\tagsoup\1.2.1\tagsoup-1.2.1.jar;C:\Users\TEST\.m2\repository\io\rest-assured\json-path\5.3.0\json-path-5.3.0.jar;C:\Users\TEST\.m2\repository\org\apache\groovy\groovy-json\4.0.6\groovy-json-4.0.6.jar;C:\Users\TEST\.m2\repository\io\rest-assured\rest-assured-common\5.3.0\rest-assured-common-5.3.0.jar;C:\Users\TEST\.m2\repository\io\rest-assured\xml-path\5.3.0\xml-path-5.3.0.jar;C:\Users\TEST\.m2\repository\org\apache\commons\commons-lang3\3.11\commons-lang3-3.11.jar;C:\Users\TEST\.m2\repository\io\cucumber\cucumber-java\7.13.0\cucumber-java-7.13.0.jar;C:\Users\TEST\.m2\repository\io\cucumber\cucumber-core\7.13.0\cucumber-core-7.13.0.jar;C:\Users\TEST\.m2\repository\io\cucumber\cucumber-gherkin\7.13.0\cucumber-gherkin-7.13.0.jar;C:\Users\TEST\.m2\repository\io\cucumber\cucumber-gherkin-messages\7.13.0\cucumber-gherkin-messages-7.13.0.jar;C:\Users\TEST\.m2\repository\io\cucumber\gherkin\26.2.0\gherkin-26.2.0.jar;C:\Users\TEST\.m2\repository\io\cucumber\messages\22.0.0\messages-22.0.0.jar;C:\Users\TEST\.m2\repository\io\cucumber\tag-expressions\5.0.1\tag-expressions-5.0.1.jar;C:\Users\TEST\.m2\repository\io\cucumber\cucumber-expressions\16.1.2\cucumber-expressions-16.1.2.jar;C:\Users\TEST\.m2\repository\io\cucumber\datatable\7.13.0\datatable-7.13.0.jar;C:\Users\TEST\.m2\repository\io\cucumber\cucumber-plugin\7.13.0\cucumber-plugin-7.13.0.jar;C:\Users\TEST\.m2\repository\io\cucumber\docstring\7.13.0\docstring-7.13.0.jar;C:\Users\TEST\.m2\repository\io\cucumber\html-formatter\20.3.1\html-formatter-20.3.1.jar;C:\Users\TEST\.m2\repository\io\cucumber\junit-xml-formatter\0.2.0\junit-xml-formatter-0.2.0.jar;C:\Users\TEST\.m2\repository\io\cucumber\ci-environment\9.2.0\ci-environment-9.2.0.jar;C:\Users\TEST\.m2\repository\org\apiguardian\apiguardian-api\1.1.2\apiguardian-api-1.1.2.jar;C:\Users\TEST\.m2\repository\io\cucumber\cucumber-junit\7.13.0\cucumber-junit-7.13.0.jar;"/>
    <property name="java.vm.vendor" value="Oracle Corporation"/>
    <property name="sun.arch.data.model" value="64"/>
    <property name="user.variant" value=""/>
    <property name="java.vendor.url" value="https://java.oracle.com/"/>
    <property name="user.timezone" value="America/New_York"/>
    <property name="os.name" value="Windows 11"/>
    <property name="java.vm.specification.version" value="20"/>
    <property name="sun.java.launcher" value="SUN_STANDARD"/>
    <property name="user.country" value="US"/>
    <property name="sun.boot.library.path" value="C:\Users\TEST\.jdks\openjdk-20.0.2\bin"/>
    <property name="sun.java.command" value="C:\Users\TEST\AppData\Local\Temp\surefire560877155976251589\surefirebooter10404174785004469374.jar C:\Users\TEST\AppData\Local\Temp\surefire560877155976251589 2023-09-01T15-04-41_891-jvmRun1 surefire17275329462934227713tmp surefire_0784542776521672509tmp"/>
    <property name="jdk.debug" value="release"/>
    <property name="surefire.test.class.path" value="C:\Users\TEST\IdeaProjects\api_testing\target\test-classes;C:\Users\TEST\IdeaProjects\api_testing\target\classes;C:\Users\TEST\.m2\repository\junit\junit\4.11\junit-4.11.jar;C:\Users\TEST\.m2\repository\org\hamcrest\hamcrest-core\1.3\hamcrest-core-1.3.jar;C:\Users\TEST\.m2\repository\io\rest-assured\rest-assured\5.3.0\rest-assured-5.3.0.jar;C:\Users\TEST\.m2\repository\org\apache\groovy\groovy\4.0.6\groovy-4.0.6.jar;C:\Users\TEST\.m2\repository\org\apache\groovy\groovy-xml\4.0.6\groovy-xml-4.0.6.jar;C:\Users\TEST\.m2\repository\org\apache\httpcomponents\httpclient\4.5.13\httpclient-4.5.13.jar;C:\Users\TEST\.m2\repository\org\apache\httpcomponents\httpcore\4.4.13\httpcore-4.4.13.jar;C:\Users\TEST\.m2\repository\commons-logging\commons-logging\1.2\commons-logging-1.2.jar;C:\Users\TEST\.m2\repository\commons-codec\commons-codec\1.11\commons-codec-1.11.jar;C:\Users\TEST\.m2\repository\org\apache\httpcomponents\httpmime\4.5.13\httpmime-4.5.13.jar;C:\Users\TEST\.m2\repository\org\hamcrest\hamcrest\2.1\hamcrest-2.1.jar;C:\Users\TEST\.m2\repository\org\ccil\cowan\tagsoup\tagsoup\1.2.1\tagsoup-1.2.1.jar;C:\Users\TEST\.m2\repository\io\rest-assured\json-path\5.3.0\json-path-5.3.0.jar;C:\Users\TEST\.m2\repository\org\apache\groovy\groovy-json\4.0.6\groovy-json-4.0.6.jar;C:\Users\TEST\.m2\repository\io\rest-assured\rest-assured-common\5.3.0\rest-assured-common-5.3.0.jar;C:\Users\TEST\.m2\repository\io\rest-assured\xml-path\5.3.0\xml-path-5.3.0.jar;C:\Users\TEST\.m2\repository\org\apache\commons\commons-lang3\3.11\commons-lang3-3.11.jar;C:\Users\TEST\.m2\repository\io\cucumber\cucumber-java\7.13.0\cucumber-java-7.13.0.jar;C:\Users\TEST\.m2\repository\io\cucumber\cucumber-core\7.13.0\cucumber-core-7.13.0.jar;C:\Users\TEST\.m2\repository\io\cucumber\cucumber-gherkin\7.13.0\cucumber-gherkin-7.13.0.jar;C:\Users\TEST\.m2\repository\io\cucumber\cucumber-gherkin-messages\7.13.0\cucumber-gherkin-messages-7.13.0.jar;C:\Users\TEST\.m2\repository\io\cucumber\gherkin\26.2.0\gherkin-26.2.0.jar;C:\Users\TEST\.m2\repository\io\cucumber\messages\22.0.0\messages-22.0.0.jar;C:\Users\TEST\.m2\repository\io\cucumber\tag-expressions\5.0.1\tag-expressions-5.0.1.jar;C:\Users\TEST\.m2\repository\io\cucumber\cucumber-expressions\16.1.2\cucumber-expressions-16.1.2.jar;C:\Users\TEST\.m2\repository\io\cucumber\datatable\7.13.0\datatable-7.13.0.jar;C:\Users\TEST\.m2\repository\io\cucumber\cucumber-plugin\7.13.0\cucumber-plugin-7.13.0.jar;C:\Users\TEST\.m2\repository\io\cucumber\docstring\7.13.0\docstring-7.13.0.jar;C:\Users\TEST\.m2\repository\io\cucumber\html-formatter\20.3.1\html-formatter-20.3.1.jar;C:\Users\TEST\.m2\repository\io\cucumber\junit-xml-formatter\0.2.0\junit-xml-formatter-0.2.0.jar;C:\Users\TEST\.m2\repository\io\cucumber\ci-environment\9.2.0\ci-environment-9.2.0.jar;C:\Users\TEST\.m2\repository\org\apiguardian\apiguardian-api\1.1.2\apiguardian-api-1.1.2.jar;C:\Users\TEST\.m2\repository\io\cucumber\cucumber-junit\7.13.0\cucumber-junit-7.13.0.jar;"/>
    <property name="sun.cpu.endian" value="little"/>
    <property name="user.home" value="C:\Users\TEST"/>
    <property name="user.language" value="en"/>
    <property name="java.specification.vendor" value="Oracle Corporation"/>
    <property name="java.version.date" value="2023-07-18"/>
    <property name="java.home" value="C:\Users\TEST\.jdks\openjdk-20.0.2"/>
    <property name="file.separator" value="\"/>
    <property name="basedir" value="C:\Users\TEST\IdeaProjects\api_testing"/>
    <property name="java.vm.compressedOopsMode" value="Zero based"/>
    <property name="line.separator" value="&#10;"/>
    <property name="java.vm.specification.vendor" value="Oracle Corporation"/>
    <property name="java.specification.name" value="Java Platform API Specification"/>
    <property name="surefire.real.class.path" value="C:\Users\TEST\AppData\Local\Temp\surefire560877155976251589\surefirebooter10404174785004469374.jar"/>
    <property name="user.script" value=""/>
    <property name="sun.management.compiler" value="HotSpot 64-Bit Tiered Compilers"/>
    <property name="java.runtime.version" value="20.0.2+9-78"/>
    <property name="user.name" value="TEST"/>
    <property name="stdout.encoding" value="Cp1252"/>
    <property name="path.separator" value=";"/>
    <property name="os.version" value="10.0"/>
    <property name="java.runtime.name" value="OpenJDK Runtime Environment"/>
    <property name="file.encoding" value="UTF-8"/>
    <property name="java.vm.name" value="OpenJDK 64-Bit Server VM"/>
    <property name="localRepository" value="C:\Users\TEST\.m2\repository"/>
    <property name="java.vendor.url.bug" value="https://bugreport.java.com/bugreport/"/>
    <property name="java.io.tmpdir" value="C:\Users\TEST\AppData\Local\Temp\"/>
    <property name="idea.version" value="2022.2.2"/>
    <property name="java.version" value="20.0.2"/>
    <property name="user.dir" value="C:\Users\TEST\IdeaProjects\api_testing"/>
    <property name="os.arch" value="amd64"/>
    <property name="java.vm.specification.name" value="Java Virtual Machine Specification"/>
    <property name="sun.os.patch.level" value=""/>
    <property name="native.encoding" value="Cp1252"/>
    <property name="java.library.path" value="C:\Users\TEST\.jdks\openjdk-20.0.2\bin;C:\WINDOWS\Sun\Java\bin;C:\WINDOWS\system32;C:\WINDOWS;C:\Program Files (x86)\Common Files\Oracle\Java\javapath;C:\WINDOWS\system32;C:\WINDOWS;C:\WINDOWS\System32\Wbem;C:\WINDOWS\System32\WindowsPowerShell\v1.0\;C:\WINDOWS\System32\OpenSSH\;C:\Program Files\Git\cmd;C:\Users\TEST\AppData\Local\Microsoft\WindowsApps;;C:\Program Files\JetBrains\IntelliJ IDEA Educational Edition 2022.2.2\bin;;."/>
    <property name="java.vm.info" value="mixed mode, sharing"/>
    <property name="stderr.encoding" value="Cp1252"/>
    <property name="java.vendor" value="Oracle Corporation"/>
    <property name="java.vm.version" value="20.0.2+9-78"/>
    <property name="sun.io.unicode.encoding" value="UnicodeLittle"/>
    <property name="java.class.version" value="64.0"/>
  </properties>
  <testcase name="Verify that User is able to create a new employee using create api endpoint;" classname="Create Employee scenario" time="0.852">
    <error message="Cannot serialize object because no JSON serializer found in classpath. Please put Jackson (Databind), Gson, Johnzon, or Yasson in the classpath." type="java.lang.IllegalStateException">java.lang.IllegalStateException: Cannot serialize object because no JSON serializer found in classpath. Please put Jackson (Databind), Gson, Johnzon, or Yasson in the classpath.
</error>
  </testcase>
  <testcase name="Verify user is able to delete employee details using delete endpoint" classname="EMPTY_NAME" time="1.479"/>
  <testcase name="Verify user retrieves all the employees details" classname="GET all employees or single employee details" time="0.34">
    <failure message="expected:&lt;200&gt; but was:&lt;429&gt;" type="java.lang.AssertionError"><![CDATA[java.lang.AssertionError: expected:<200> but was:<429>
]]></failure>
  </testcase>
  <testcase name="Verify user retrieves single employee details" classname="GET all employees or single employee details" time="0.52">
    <failure message="expected:&lt;200&gt; but was:&lt;429&gt;" type="java.lang.AssertionError"><![CDATA[java.lang.AssertionError: expected:<200> but was:<429>
]]></failure>
    <system-out><![CDATA[Request method:	GET
Request URI:	https://dummy.restapiexample.com/api/v1/employee/1
Proxy:			<none>
Request params:	<none>
Query params:	<none>
Form params:	<none>
Path params:	employeeId=1
Headers:		Accept=*/*
Cookies:		<none>
Multiparts:		<none>
Body:			<none>
<html lang="en">
  <head>
    <meta charset="utf-8"/>
    <meta name="viewport" content="width=device-width, initial-scale=1"/>
    <title>Too Many Requests</title>
    <link rel="dns-prefetch" href="//fonts.gstatic.com"/>
    <link href="https://fonts.googleapis.com/css?family=Nunito" rel="stylesheet"/>
    <style>
            html, body {
                background-color: #fff;
                color: #636b6f;
                font-family: 'Nunito', sans-serif;
                font-weight: 100;
                height: 100vh;
                margin: 0;
            }

            .full-height {
                height: 100vh;
            }

            .flex-center {
                align-items: center;
                display: flex;
                justify-content: center;
            }

            .position-ref {
                position: relative;
            }

            .code {
                border-right: 2px solid;
                font-size: 26px;
                padding: 0 15px 0 15px;
                text-align: center;
            }

            .message {
                font-size: 18px;
                text-align: center;
            }
        </style>
  </head>
  <body>
    <div class="flex-center position-ref full-height">
      <div class="code">
                429            </div>
      <div class="message" style="padding: 10px;">
                Too Many Requests            </div>
    </div>
  </body>
</html>
]]></system-out>
  </testcase>
  <testcase name="Verify User is able to update the employee details using PUT end point" classname="Update employee details using PUT" time="0.008">
    <error message="Cannot serialize object because no JSON serializer found in classpath. Please put Jackson (Databind), Gson, Johnzon, or Yasson in the classpath." type="java.lang.IllegalStateException">java.lang.IllegalStateException: Cannot serialize object because no JSON serializer found in classpath. Please put Jackson (Databind), Gson, Johnzon, or Yasson in the classpath.
</error>
  </testcase>
</testsuite>